2023-12-22T13:38:10.895+05:30  INFO 6020 --- [main] c.o.o.OrgationisationApplication         : Starting OrgationisationApplication using Java 17.0.9 with PID 6020 (C:\Java Project\New folder\orgationisation_new\target\classes started by ADMIN in C:\Java Project\New folder\orgationisation_new)
2023-12-22T13:38:10.905+05:30  INFO 6020 --- [main] c.o.o.OrgationisationApplication         : No active profile set, falling back to 1 default profile: "default"
2023-12-22T13:38:11.779+05:30  INFO 6020 --- [main] .s.d.r.c.RepositoryConfigurationDelegate : Bootstrapping Spring Data JPA repositories in DEFAULT mode.
2023-12-22T13:38:11.874+05:30  INFO 6020 --- [main] .s.d.r.c.RepositoryConfigurationDelegate : Finished Spring Data repository scanning in 80 ms. Found 2 JPA repository interfaces.
2023-12-22T13:38:12.754+05:30  INFO 6020 --- [main] o.s.b.w.embedded.tomcat.TomcatWebServer  : Tomcat initialized with port(s): 8080 (http)
2023-12-22T13:38:12.770+05:30  INFO 6020 --- [main] o.apache.catalina.core.StandardService   : Starting service [Tomcat]
2023-12-22T13:38:12.771+05:30  INFO 6020 --- [main] o.apache.catalina.core.StandardEngine    : Starting Servlet engine: [Apache Tomcat/10.1.16]
2023-12-22T13:38:12.928+05:30  INFO 6020 --- [main] o.a.c.c.C.[Tomcat].[localhost].[/api]    : Initializing Spring embedded WebApplicationContext
2023-12-22T13:38:12.928+05:30  INFO 6020 --- [main] w.s.c.ServletWebServerApplicationContext : Root WebApplicationContext: initialization completed in 1964 ms
2023-12-22T13:38:12.970+05:30  INFO 6020 --- [main] com.zaxxer.hikari.HikariDataSource       : HikariPool-1 - Starting...
2023-12-22T13:38:13.268+05:30  INFO 6020 --- [main] com.zaxxer.hikari.pool.HikariPool        : HikariPool-1 - Added connection conn0: url=jdbc:h2:mem:testdb user=SA
2023-12-22T13:38:13.271+05:30  INFO 6020 --- [main] com.zaxxer.hikari.HikariDataSource       : HikariPool-1 - Start completed.
2023-12-22T13:38:13.292+05:30  INFO 6020 --- [main] o.s.b.a.h2.H2ConsoleAutoConfiguration    : H2 console available at '/h2-console'. Database available at 'jdbc:h2:mem:testdb'
2023-12-22T13:38:13.569+05:30  INFO 6020 --- [main] o.hibernate.jpa.internal.util.LogHelper  : HHH000204: Processing PersistenceUnitInfo [name: default]
2023-12-22T13:38:13.653+05:30  INFO 6020 --- [main] org.hibernate.Version                    : HHH000412: Hibernate ORM core version 6.2.13.Final
2023-12-22T13:38:13.657+05:30  INFO 6020 --- [main] org.hibernate.cfg.Environment            : HHH000406: Using bytecode reflection optimizer
2023-12-22T13:38:14.126+05:30  INFO 6020 --- [main] o.s.o.j.p.SpringPersistenceUnitInfo      : No LoadTimeWeaver setup: ignoring JPA class transformer
2023-12-22T13:38:15.442+05:30  INFO 6020 --- [main] o.h.e.t.j.p.i.JtaPlatformInitiator       : HHH000489: No JTA platform available (set 'hibernate.transaction.jta.platform' to enable JTA platform integration)
2023-12-22T13:38:15.495+05:30  INFO 6020 --- [main] j.LocalContainerEntityManagerFactoryBean : Initialized JPA EntityManagerFactory for persistence unit 'default'
2023-12-22T13:38:16.147+05:30  WARN 6020 --- [main] JpaBaseConfiguration$JpaWebConfiguration : spring.jpa.open-in-view is enabled by default. Therefore, database queries may be performed during view rendering. Explicitly configure spring.jpa.open-in-view to disable this warning
2023-12-22T13:38:16.613+05:30  INFO 6020 --- [main] o.s.b.w.embedded.tomcat.TomcatWebServer  : Tomcat started on port(s): 8080 (http) with context path '/api'
2023-12-22T13:38:16.623+05:30  INFO 6020 --- [main] c.o.o.OrgationisationApplication         : Started OrgationisationApplication in 6.257 seconds (process running for 7.387)
2023-12-22T13:39:06.773+05:30  INFO 6020 --- [http-nio-8080-exec-1] o.a.c.c.C.[Tomcat].[localhost].[/api]    : Initializing Spring DispatcherServlet 'dispatcherServlet'
2023-12-22T13:39:06.774+05:30  INFO 6020 --- [http-nio-8080-exec-1] o.s.web.servlet.DispatcherServlet        : Initializing Servlet 'dispatcherServlet'
2023-12-22T13:39:06.777+05:30  INFO 6020 --- [http-nio-8080-exec-1] o.s.web.servlet.DispatcherServlet        : Completed initialization in 3 ms
2023-12-22T13:39:53.738+05:30  INFO 6020 --- [SpringApplicationShutdownHook] j.LocalContainerEntityManagerFactoryBean : Closing JPA EntityManagerFactory for persistence unit 'default'
2023-12-22T13:39:53.741+05:30  INFO 6020 --- [SpringApplicationShutdownHook] com.zaxxer.hikari.HikariDataSource       : HikariPool-1 - Shutdown initiated...
2023-12-22T13:39:53.743+05:30  INFO 6020 --- [SpringApplicationShutdownHook] com.zaxxer.hikari.HikariDataSource       : HikariPool-1 - Shutdown completed.
2023-12-22T13:40:02.323+05:30  INFO 9876 --- [main] c.o.o.OrgationisationApplication         : Starting OrgationisationApplication using Java 17.0.9 with PID 9876 (C:\Java Project\New folder\orgationisation_new\target\classes started by ADMIN in C:\Java Project\New folder\orgationisation_new)
2023-12-22T13:40:02.327+05:30  INFO 9876 --- [main] c.o.o.OrgationisationApplication         : No active profile set, falling back to 1 default profile: "default"
2023-12-22T13:40:03.234+05:30  INFO 9876 --- [main] .s.d.r.c.RepositoryConfigurationDelegate : Bootstrapping Spring Data JPA repositories in DEFAULT mode.
2023-12-22T13:40:03.324+05:30  INFO 9876 --- [main] .s.d.r.c.RepositoryConfigurationDelegate : Finished Spring Data repository scanning in 75 ms. Found 2 JPA repository interfaces.
2023-12-22T13:40:04.250+05:30  INFO 9876 --- [main] o.s.b.w.embedded.tomcat.TomcatWebServer  : Tomcat initialized with port(s): 8080 (http)
2023-12-22T13:40:04.265+05:30  INFO 9876 --- [main] o.apache.catalina.core.StandardService   : Starting service [Tomcat]
2023-12-22T13:40:04.266+05:30  INFO 9876 --- [main] o.apache.catalina.core.StandardEngine    : Starting Servlet engine: [Apache Tomcat/10.1.16]
2023-12-22T13:40:04.435+05:30  INFO 9876 --- [main] o.a.c.c.C.[Tomcat].[localhost].[/api]    : Initializing Spring embedded WebApplicationContext
2023-12-22T13:40:04.435+05:30  INFO 9876 --- [main] w.s.c.ServletWebServerApplicationContext : Root WebApplicationContext: initialization completed in 2043 ms
2023-12-22T13:40:04.507+05:30  INFO 9876 --- [main] com.zaxxer.hikari.HikariDataSource       : HikariPool-1 - Starting...
2023-12-22T13:40:04.787+05:30  INFO 9876 --- [main] com.zaxxer.hikari.pool.HikariPool        : HikariPool-1 - Added connection conn0: url=jdbc:h2:mem:testdb user=SA
2023-12-22T13:40:04.788+05:30  INFO 9876 --- [main] com.zaxxer.hikari.HikariDataSource       : HikariPool-1 - Start completed.
2023-12-22T13:40:04.805+05:30  INFO 9876 --- [main] o.s.b.a.h2.H2ConsoleAutoConfiguration    : H2 console available at '/h2-console'. Database available at 'jdbc:h2:mem:testdb'
2023-12-22T13:40:05.040+05:30  INFO 9876 --- [main] o.hibernate.jpa.internal.util.LogHelper  : HHH000204: Processing PersistenceUnitInfo [name: default]
2023-12-22T13:40:05.124+05:30  INFO 9876 --- [main] org.hibernate.Version                    : HHH000412: Hibernate ORM core version 6.2.13.Final
2023-12-22T13:40:05.128+05:30  INFO 9876 --- [main] org.hibernate.cfg.Environment            : HHH000406: Using bytecode reflection optimizer
2023-12-22T13:40:05.564+05:30  INFO 9876 --- [main] o.s.o.j.p.SpringPersistenceUnitInfo      : No LoadTimeWeaver setup: ignoring JPA class transformer
2023-12-22T13:40:06.734+05:30  INFO 9876 --- [main] o.h.e.t.j.p.i.JtaPlatformInitiator       : HHH000489: No JTA platform available (set 'hibernate.transaction.jta.platform' to enable JTA platform integration)
2023-12-22T13:40:06.771+05:30  INFO 9876 --- [main] j.LocalContainerEntityManagerFactoryBean : Initialized JPA EntityManagerFactory for persistence unit 'default'
2023-12-22T13:40:07.390+05:30  WARN 9876 --- [main] JpaBaseConfiguration$JpaWebConfiguration : spring.jpa.open-in-view is enabled by default. Therefore, database queries may be performed during view rendering. Explicitly configure spring.jpa.open-in-view to disable this warning
2023-12-22T13:40:07.939+05:30  INFO 9876 --- [main] o.s.b.w.embedded.tomcat.TomcatWebServer  : Tomcat started on port(s): 8080 (http) with context path '/api'
2023-12-22T13:40:07.953+05:30  INFO 9876 --- [main] c.o.o.OrgationisationApplication         : Started OrgationisationApplication in 6.197 seconds (process running for 6.897)
2023-12-22T13:40:25.304+05:30  INFO 9876 --- [http-nio-8080-exec-1] o.a.c.c.C.[Tomcat].[localhost].[/api]    : Initializing Spring DispatcherServlet 'dispatcherServlet'
2023-12-22T13:40:25.304+05:30  INFO 9876 --- [http-nio-8080-exec-1] o.s.web.servlet.DispatcherServlet        : Initializing Servlet 'dispatcherServlet'
2023-12-22T13:40:25.308+05:30  INFO 9876 --- [http-nio-8080-exec-1] o.s.web.servlet.DispatcherServlet        : Completed initialization in 4 ms
2023-12-22T13:40:25.334+05:30  WARN 9876 --- [http-nio-8080-exec-1] .w.s.m.s.DefaultHandlerExceptionResolver : Resolved [org.springframework.web.HttpRequestMethodNotSupportedException: Request method 'POST' is not supported]
2023-12-22T13:41:53.473+05:30  WARN 9876 --- [HikariPool-1 housekeeper] com.zaxxer.hikari.pool.HikariPool        : HikariPool-1 - Thread starvation or clock leap detected (housekeeper delta=48s549ms657µs200ns).
2023-12-22T13:42:09.853+05:30  INFO 9876 --- [SpringApplicationShutdownHook] j.LocalContainerEntityManagerFactoryBean : Closing JPA EntityManagerFactory for persistence unit 'default'
2023-12-22T13:42:09.859+05:30  INFO 9876 --- [SpringApplicationShutdownHook] com.zaxxer.hikari.HikariDataSource       : HikariPool-1 - Shutdown initiated...
2023-12-22T13:42:09.868+05:30  INFO 9876 --- [SpringApplicationShutdownHook] com.zaxxer.hikari.HikariDataSource       : HikariPool-1 - Shutdown completed.
2023-12-22T13:42:50.365+05:30  INFO 14644 --- [main] c.o.o.OrgationisationApplication         : Starting OrgationisationApplication using Java 17.0.9 with PID 14644 (C:\Java Project\New folder\orgationisation_new\target\classes started by ADMIN in C:\Java Project\New folder\orgationisation_new)
2023-12-22T13:42:50.368+05:30  INFO 14644 --- [main] c.o.o.OrgationisationApplication         : No active profile set, falling back to 1 default profile: "default"
2023-12-22T13:42:51.195+05:30  INFO 14644 --- [main] .s.d.r.c.RepositoryConfigurationDelegate : Bootstrapping Spring Data JPA repositories in DEFAULT mode.
2023-12-22T13:42:51.270+05:30  INFO 14644 --- [main] .s.d.r.c.RepositoryConfigurationDelegate : Finished Spring Data repository scanning in 65 ms. Found 2 JPA repository interfaces.
2023-12-22T13:42:52.076+05:30  INFO 14644 --- [main] o.s.b.w.embedded.tomcat.TomcatWebServer  : Tomcat initialized with port(s): 8080 (http)
2023-12-22T13:42:52.089+05:30  INFO 14644 --- [main] o.apache.catalina.core.StandardService   : Starting service [Tomcat]
2023-12-22T13:42:52.090+05:30  INFO 14644 --- [main] o.apache.catalina.core.StandardEngine    : Starting Servlet engine: [Apache Tomcat/10.1.16]
2023-12-22T13:42:52.278+05:30  INFO 14644 --- [main] o.a.c.c.C.[Tomcat].[localhost].[/api]    : Initializing Spring embedded WebApplicationContext
2023-12-22T13:42:52.279+05:30  INFO 14644 --- [main] w.s.c.ServletWebServerApplicationContext : Root WebApplicationContext: initialization completed in 1857 ms
2023-12-22T13:42:52.342+05:30  INFO 14644 --- [main] com.zaxxer.hikari.HikariDataSource       : HikariPool-1 - Starting...
2023-12-22T13:42:52.590+05:30  INFO 14644 --- [main] com.zaxxer.hikari.pool.HikariPool        : HikariPool-1 - Added connection conn0: url=jdbc:h2:mem:testdb user=SA
2023-12-22T13:42:52.593+05:30  INFO 14644 --- [main] com.zaxxer.hikari.HikariDataSource       : HikariPool-1 - Start completed.
2023-12-22T13:42:52.606+05:30  INFO 14644 --- [main] o.s.b.a.h2.H2ConsoleAutoConfiguration    : H2 console available at '/h2-console'. Database available at 'jdbc:h2:mem:testdb'
2023-12-22T13:42:52.874+05:30  INFO 14644 --- [main] o.hibernate.jpa.internal.util.LogHelper  : HHH000204: Processing PersistenceUnitInfo [name: default]
2023-12-22T13:42:52.963+05:30  INFO 14644 --- [main] org.hibernate.Version                    : HHH000412: Hibernate ORM core version 6.2.13.Final
2023-12-22T13:42:52.966+05:30  INFO 14644 --- [main] org.hibernate.cfg.Environment            : HHH000406: Using bytecode reflection optimizer
2023-12-22T13:42:53.446+05:30  INFO 14644 --- [main] o.s.o.j.p.SpringPersistenceUnitInfo      : No LoadTimeWeaver setup: ignoring JPA class transformer
2023-12-22T13:42:54.683+05:30  INFO 14644 --- [main] o.h.e.t.j.p.i.JtaPlatformInitiator       : HHH000489: No JTA platform available (set 'hibernate.transaction.jta.platform' to enable JTA platform integration)
2023-12-22T13:42:54.721+05:30  INFO 14644 --- [main] j.LocalContainerEntityManagerFactoryBean : Initialized JPA EntityManagerFactory for persistence unit 'default'
2023-12-22T13:42:55.266+05:30  WARN 14644 --- [main] JpaBaseConfiguration$JpaWebConfiguration : spring.jpa.open-in-view is enabled by default. Therefore, database queries may be performed during view rendering. Explicitly configure spring.jpa.open-in-view to disable this warning
2023-12-22T13:42:55.731+05:30  INFO 14644 --- [main] o.s.b.w.embedded.tomcat.TomcatWebServer  : Tomcat started on port(s): 8080 (http) with context path '/api'
2023-12-22T13:42:55.746+05:30  INFO 14644 --- [main] c.o.o.OrgationisationApplication         : Started OrgationisationApplication in 5.86 seconds (process running for 6.531)
2023-12-22T13:46:01.947+05:30  INFO 14644 --- [http-nio-8080-exec-1] o.a.c.c.C.[Tomcat].[localhost].[/api]    : Initializing Spring DispatcherServlet 'dispatcherServlet'
2023-12-22T13:46:01.948+05:30  INFO 14644 --- [http-nio-8080-exec-1] o.s.web.servlet.DispatcherServlet        : Initializing Servlet 'dispatcherServlet'
2023-12-22T13:46:01.949+05:30  INFO 14644 --- [http-nio-8080-exec-1] o.s.web.servlet.DispatcherServlet        : Completed initialization in 1 ms
2023-12-22T13:47:31.512+05:30  WARN 14644 --- [http-nio-8080-exec-5] .w.s.m.s.DefaultHandlerExceptionResolver : Resolved [org.springframework.web.HttpRequestMethodNotSupportedException: Request method 'PUT' is not supported]
2023-12-22T13:48:28.996+05:30  INFO 14644 --- [SpringApplicationShutdownHook] j.LocalContainerEntityManagerFactoryBean : Closing JPA EntityManagerFactory for persistence unit 'default'
2023-12-22T13:48:29.005+05:30  INFO 14644 --- [SpringApplicationShutdownHook] com.zaxxer.hikari.HikariDataSource       : HikariPool-1 - Shutdown initiated...
2023-12-22T13:48:29.006+05:30  INFO 14644 --- [SpringApplicationShutdownHook] com.zaxxer.hikari.HikariDataSource       : HikariPool-1 - Shutdown completed.
2023-12-22T13:49:27.099+05:30  INFO 5168 --- [main] c.o.o.OrgationisationApplication         : Starting OrgationisationApplication using Java 17.0.9 with PID 5168 (C:\Java Project\New folder\orgationisation_new\target\classes started by ADMIN in C:\Java Project\New folder\orgationisation_new)
2023-12-22T13:49:27.102+05:30  INFO 5168 --- [main] c.o.o.OrgationisationApplication         : No active profile set, falling back to 1 default profile: "default"
2023-12-22T13:49:27.922+05:30  INFO 5168 --- [main] .s.d.r.c.RepositoryConfigurationDelegate : Bootstrapping Spring Data JPA repositories in DEFAULT mode.
2023-12-22T13:49:28.012+05:30  INFO 5168 --- [main] .s.d.r.c.RepositoryConfigurationDelegate : Finished Spring Data repository scanning in 77 ms. Found 2 JPA repository interfaces.
2023-12-22T13:49:28.808+05:30  INFO 5168 --- [main] o.s.b.w.embedded.tomcat.TomcatWebServer  : Tomcat initialized with port(s): 8080 (http)
2023-12-22T13:49:28.821+05:30  INFO 5168 --- [main] o.apache.catalina.core.StandardService   : Starting service [Tomcat]
2023-12-22T13:49:28.821+05:30  INFO 5168 --- [main] o.apache.catalina.core.StandardEngine    : Starting Servlet engine: [Apache Tomcat/10.1.16]
2023-12-22T13:49:28.983+05:30  INFO 5168 --- [main] o.a.c.c.C.[Tomcat].[localhost].[/api]    : Initializing Spring embedded WebApplicationContext
2023-12-22T13:49:28.983+05:30  INFO 5168 --- [main] w.s.c.ServletWebServerApplicationContext : Root WebApplicationContext: initialization completed in 1829 ms
2023-12-22T13:49:29.035+05:30  INFO 5168 --- [main] com.zaxxer.hikari.HikariDataSource       : HikariPool-1 - Starting...
2023-12-22T13:49:29.308+05:30  INFO 5168 --- [main] com.zaxxer.hikari.pool.HikariPool        : HikariPool-1 - Added connection conn0: url=jdbc:h2:mem:testdb user=SA
2023-12-22T13:49:29.310+05:30  INFO 5168 --- [main] com.zaxxer.hikari.HikariDataSource       : HikariPool-1 - Start completed.
2023-12-22T13:49:29.326+05:30  INFO 5168 --- [main] o.s.b.a.h2.H2ConsoleAutoConfiguration    : H2 console available at '/h2-console'. Database available at 'jdbc:h2:mem:testdb'
2023-12-22T13:49:29.555+05:30  INFO 5168 --- [main] o.hibernate.jpa.internal.util.LogHelper  : HHH000204: Processing PersistenceUnitInfo [name: default]
2023-12-22T13:49:29.642+05:30  INFO 5168 --- [main] org.hibernate.Version                    : HHH000412: Hibernate ORM core version 6.2.13.Final
2023-12-22T13:49:29.647+05:30  INFO 5168 --- [main] org.hibernate.cfg.Environment            : HHH000406: Using bytecode reflection optimizer
2023-12-22T13:49:30.004+05:30  INFO 5168 --- [main] o.s.o.j.p.SpringPersistenceUnitInfo      : No LoadTimeWeaver setup: ignoring JPA class transformer
2023-12-22T13:49:31.127+05:30  INFO 5168 --- [main] o.h.e.t.j.p.i.JtaPlatformInitiator       : HHH000489: No JTA platform available (set 'hibernate.transaction.jta.platform' to enable JTA platform integration)
2023-12-22T13:49:31.168+05:30  INFO 5168 --- [main] j.LocalContainerEntityManagerFactoryBean : Initialized JPA EntityManagerFactory for persistence unit 'default'
2023-12-22T13:49:31.720+05:30  WARN 5168 --- [main] JpaBaseConfiguration$JpaWebConfiguration : spring.jpa.open-in-view is enabled by default. Therefore, database queries may be performed during view rendering. Explicitly configure spring.jpa.open-in-view to disable this warning
2023-12-22T13:49:32.186+05:30  INFO 5168 --- [main] o.s.b.w.embedded.tomcat.TomcatWebServer  : Tomcat started on port(s): 8080 (http) with context path '/api'
2023-12-22T13:49:32.198+05:30  INFO 5168 --- [main] c.o.o.OrgationisationApplication         : Started OrgationisationApplication in 5.561 seconds (process running for 6.183)
2023-12-22T13:49:41.396+05:30  INFO 5168 --- [http-nio-8080-exec-1] o.a.c.c.C.[Tomcat].[localhost].[/api]    : Initializing Spring DispatcherServlet 'dispatcherServlet'
2023-12-22T13:49:41.397+05:30  INFO 5168 --- [http-nio-8080-exec-1] o.s.web.servlet.DispatcherServlet        : Initializing Servlet 'dispatcherServlet'
2023-12-22T13:49:41.399+05:30  INFO 5168 --- [http-nio-8080-exec-1] o.s.web.servlet.DispatcherServlet        : Completed initialization in 2 ms
2023-12-22T13:55:57.076+05:30  INFO 5168 --- [SpringApplicationShutdownHook] j.LocalContainerEntityManagerFactoryBean : Closing JPA EntityManagerFactory for persistence unit 'default'
2023-12-22T13:55:57.081+05:30  INFO 5168 --- [SpringApplicationShutdownHook] com.zaxxer.hikari.HikariDataSource       : HikariPool-1 - Shutdown initiated...
2023-12-22T13:55:57.084+05:30  INFO 5168 --- [SpringApplicationShutdownHook] com.zaxxer.hikari.HikariDataSource       : HikariPool-1 - Shutdown completed.
2023-12-22T13:56:05.605+05:30  INFO 14416 --- [main] c.o.o.OrgationisationApplication         : Starting OrgationisationApplication using Java 17.0.9 with PID 14416 (C:\Java Project\New folder\orgationisation_new\target\classes started by ADMIN in C:\Java Project\New folder\orgationisation_new)
2023-12-22T13:56:05.608+05:30  INFO 14416 --- [main] c.o.o.OrgationisationApplication         : No active profile set, falling back to 1 default profile: "default"
2023-12-22T13:56:06.588+05:30  INFO 14416 --- [main] .s.d.r.c.RepositoryConfigurationDelegate : Bootstrapping Spring Data JPA repositories in DEFAULT mode.
2023-12-22T13:56:07.623+05:30  INFO 14416 --- [main] .s.d.r.c.RepositoryConfigurationDelegate : Finished Spring Data repository scanning in 1007 ms. Found 2 JPA repository interfaces.
2023-12-22T13:56:33.458+05:30  INFO 14416 --- [main] o.s.b.w.embedded.tomcat.TomcatWebServer  : Tomcat initialized with port(s): 8080 (http)
2023-12-22T13:56:33.719+05:30  INFO 14416 --- [main] o.apache.catalina.core.StandardService   : Starting service [Tomcat]
2023-12-22T13:56:33.725+05:30  INFO 14416 --- [main] o.apache.catalina.core.StandardEngine    : Starting Servlet engine: [Apache Tomcat/10.1.16]
2023-12-22T13:56:38.013+05:30  INFO 14416 --- [main] o.a.c.c.C.[Tomcat].[localhost].[/api]    : Initializing Spring embedded WebApplicationContext
2023-12-22T13:56:38.023+05:30  INFO 14416 --- [main] w.s.c.ServletWebServerApplicationContext : Root WebApplicationContext: initialization completed in 32346 ms
2023-12-22T13:56:42.500+05:30  INFO 14416 --- [main] com.zaxxer.hikari.HikariDataSource       : HikariPool-1 - Starting...
2023-12-22T13:56:47.240+05:30  INFO 14416 --- [main] com.zaxxer.hikari.pool.HikariPool        : HikariPool-1 - Added connection conn0: url=jdbc:h2:mem:testdb user=SA
2023-12-22T13:56:47.266+05:30  INFO 14416 --- [main] com.zaxxer.hikari.HikariDataSource       : HikariPool-1 - Start completed.
2023-12-22T13:56:47.818+05:30  INFO 14416 --- [main] o.s.b.a.h2.H2ConsoleAutoConfiguration    : H2 console available at '/h2-console'. Database available at 'jdbc:h2:mem:testdb'
2023-12-22T13:56:55.102+05:30  INFO 14416 --- [main] o.hibernate.jpa.internal.util.LogHelper  : HHH000204: Processing PersistenceUnitInfo [name: default]
2023-12-22T13:56:56.416+05:30  INFO 14416 --- [main] org.hibernate.Version                    : HHH000412: Hibernate ORM core version 6.2.13.Final
2023-12-22T13:56:56.523+05:30  INFO 14416 --- [main] org.hibernate.cfg.Environment            : HHH000406: Using bytecode reflection optimizer
2023-12-22T13:57:04.416+05:30  INFO 14416 --- [main] o.s.o.j.p.SpringPersistenceUnitInfo      : No LoadTimeWeaver setup: ignoring JPA class transformer
2023-12-22T13:57:26.128+05:30  INFO 14416 --- [main] o.h.e.t.j.p.i.JtaPlatformInitiator       : HHH000489: No JTA platform available (set 'hibernate.transaction.jta.platform' to enable JTA platform integration)
2023-12-22T13:57:27.136+05:30  INFO 14416 --- [main] j.LocalContainerEntityManagerFactoryBean : Initialized JPA EntityManagerFactory for persistence unit 'default'
2023-12-22T13:57:47.445+05:30  WARN 14416 --- [main] JpaBaseConfiguration$JpaWebConfiguration : spring.jpa.open-in-view is enabled by default. Therefore, database queries may be performed during view rendering. Explicitly configure spring.jpa.open-in-view to disable this warning
2023-12-22T13:57:48.021+05:30  INFO 14416 --- [main] o.s.b.w.embedded.tomcat.TomcatWebServer  : Tomcat started on port(s): 8080 (http) with context path '/api'
2023-12-22T13:57:48.035+05:30  INFO 14416 --- [main] c.o.o.OrgationisationApplication         : Started OrgationisationApplication in 103.133 seconds (process running for 104.197)
2023-12-22T13:57:55.243+05:30  INFO 14416 --- [http-nio-8080-exec-2] o.a.c.c.C.[Tomcat].[localhost].[/api]    : Initializing Spring DispatcherServlet 'dispatcherServlet'
2023-12-22T13:57:55.244+05:30  INFO 14416 --- [http-nio-8080-exec-2] o.s.web.servlet.DispatcherServlet        : Initializing Servlet 'dispatcherServlet'
2023-12-22T13:57:55.246+05:30  INFO 14416 --- [http-nio-8080-exec-2] o.s.web.servlet.DispatcherServlet        : Completed initialization in 2 ms
2023-12-22T13:59:37.825+05:30  WARN 14416 --- [HikariPool-1 housekeeper] com.zaxxer.hikari.pool.HikariPool        : HikariPool-1 - Thread starvation or clock leap detected (housekeeper delta=50s413ms668µs100ns).
2023-12-22T13:59:38.010+05:30  INFO 14416 --- [SpringApplicationShutdownHook] j.LocalContainerEntityManagerFactoryBean : Closing JPA EntityManagerFactory for persistence unit 'default'
2023-12-22T13:59:38.013+05:30  INFO 14416 --- [SpringApplicationShutdownHook] com.zaxxer.hikari.HikariDataSource       : HikariPool-1 - Shutdown initiated...
2023-12-22T13:59:38.016+05:30  INFO 14416 --- [SpringApplicationShutdownHook] com.zaxxer.hikari.HikariDataSource       : HikariPool-1 - Shutdown completed.
2023-12-22T13:59:51.751+05:30  INFO 19396 --- [main] c.o.o.OrgationisationApplication         : Starting OrgationisationApplication using Java 17.0.9 with PID 19396 (C:\Java Project\New folder\orgationisation_new\target\classes started by ADMIN in C:\Java Project\New folder\orgationisation_new)
2023-12-22T13:59:51.754+05:30  INFO 19396 --- [main] c.o.o.OrgationisationApplication         : No active profile set, falling back to 1 default profile: "default"
2023-12-22T13:59:52.599+05:30  INFO 19396 --- [main] .s.d.r.c.RepositoryConfigurationDelegate : Bootstrapping Spring Data JPA repositories in DEFAULT mode.
2023-12-22T13:59:53.531+05:30  INFO 19396 --- [main] .s.d.r.c.RepositoryConfigurationDelegate : Finished Spring Data repository scanning in 911 ms. Found 2 JPA repository interfaces.
2023-12-22T14:00:17.885+05:30  INFO 19396 --- [main] o.s.b.w.embedded.tomcat.TomcatWebServer  : Tomcat initialized with port(s): 8080 (http)
2023-12-22T14:00:18.144+05:30  INFO 19396 --- [main] o.apache.catalina.core.StandardService   : Starting service [Tomcat]
2023-12-22T14:00:18.151+05:30  INFO 19396 --- [main] o.apache.catalina.core.StandardEngine    : Starting Servlet engine: [Apache Tomcat/10.1.16]
2023-12-22T14:00:22.296+05:30  INFO 19396 --- [main] o.a.c.c.C.[Tomcat].[localhost].[/api]    : Initializing Spring embedded WebApplicationContext
2023-12-22T14:00:22.306+05:30  INFO 19396 --- [main] w.s.c.ServletWebServerApplicationContext : Root WebApplicationContext: initialization completed in 30491 ms
2023-12-22T14:00:26.816+05:30  INFO 19396 --- [main] com.zaxxer.hikari.HikariDataSource       : HikariPool-1 - Starting...
2023-12-22T14:00:31.504+05:30  INFO 19396 --- [main] com.zaxxer.hikari.pool.HikariPool        : HikariPool-1 - Added connection conn0: url=jdbc:h2:mem:testdb user=SA
2023-12-22T14:00:31.541+05:30  INFO 19396 --- [main] com.zaxxer.hikari.HikariDataSource       : HikariPool-1 - Start completed.
2023-12-22T14:00:32.086+05:30  INFO 19396 --- [main] o.s.b.a.h2.H2ConsoleAutoConfiguration    : H2 console available at '/h2-console'. Database available at 'jdbc:h2:mem:testdb'
2023-12-22T14:00:39.648+05:30  INFO 19396 --- [main] o.hibernate.jpa.internal.util.LogHelper  : HHH000204: Processing PersistenceUnitInfo [name: default]
2023-12-22T14:00:40.938+05:30  INFO 19396 --- [main] org.hibernate.Version                    : HHH000412: Hibernate ORM core version 6.2.13.Final
2023-12-22T14:00:41.035+05:30  INFO 19396 --- [main] org.hibernate.cfg.Environment            : HHH000406: Using bytecode reflection optimizer
2023-12-22T14:00:48.799+05:30  INFO 19396 --- [main] o.s.o.j.p.SpringPersistenceUnitInfo      : No LoadTimeWeaver setup: ignoring JPA class transformer
2023-12-22T14:01:09.775+05:30  INFO 19396 --- [main] o.h.e.t.j.p.i.JtaPlatformInitiator       : HHH000489: No JTA platform available (set 'hibernate.transaction.jta.platform' to enable JTA platform integration)
2023-12-22T14:01:10.779+05:30  INFO 19396 --- [main] j.LocalContainerEntityManagerFactoryBean : Initialized JPA EntityManagerFactory for persistence unit 'default'
2023-12-22T14:01:33.792+05:30  WARN 19396 --- [main] JpaBaseConfiguration$JpaWebConfiguration : spring.jpa.open-in-view is enabled by default. Therefore, database queries may be performed during view rendering. Explicitly configure spring.jpa.open-in-view to disable this warning
2023-12-22T14:01:54.175+05:30  INFO 19396 --- [main] o.s.b.w.embedded.tomcat.TomcatWebServer  : Tomcat started on port(s): 8080 (http) with context path '/api'
2023-12-22T14:01:54.188+05:30  INFO 19396 --- [main] c.o.o.OrgationisationApplication         : Started OrgationisationApplication in 122.921 seconds (process running for 123.549)
2023-12-22T14:03:06.068+05:30  INFO 19396 --- [http-nio-8080-exec-2] o.a.c.c.C.[Tomcat].[localhost].[/api]    : Initializing Spring DispatcherServlet 'dispatcherServlet'
2023-12-22T14:03:06.069+05:30  INFO 19396 --- [http-nio-8080-exec-2] o.s.web.servlet.DispatcherServlet        : Initializing Servlet 'dispatcherServlet'
2023-12-22T14:03:06.072+05:30  INFO 19396 --- [http-nio-8080-exec-2] o.s.web.servlet.DispatcherServlet        : Completed initialization in 2 ms
2023-12-22T14:06:35.124+05:30  INFO 19396 --- [SpringApplicationShutdownHook] j.LocalContainerEntityManagerFactoryBean : Closing JPA EntityManagerFactory for persistence unit 'default'
2023-12-22T14:06:35.128+05:30  INFO 19396 --- [SpringApplicationShutdownHook] com.zaxxer.hikari.HikariDataSource       : HikariPool-1 - Shutdown initiated...
2023-12-22T14:06:35.130+05:30  INFO 19396 --- [SpringApplicationShutdownHook] com.zaxxer.hikari.HikariDataSource       : HikariPool-1 - Shutdown completed.
2023-12-22T14:06:42.576+05:30  INFO 6800 --- [main] c.o.o.OrgationisationApplication         : Starting OrgationisationApplication using Java 17.0.9 with PID 6800 (C:\Java Project\New folder\orgationisation_new\target\classes started by ADMIN in C:\Java Project\New folder\orgationisation_new)
2023-12-22T14:06:42.579+05:30  INFO 6800 --- [main] c.o.o.OrgationisationApplication         : No active profile set, falling back to 1 default profile: "default"
2023-12-22T14:06:43.359+05:30  INFO 6800 --- [main] .s.d.r.c.RepositoryConfigurationDelegate : Bootstrapping Spring Data JPA repositories in DEFAULT mode.
2023-12-22T14:06:43.446+05:30  INFO 6800 --- [main] .s.d.r.c.RepositoryConfigurationDelegate : Finished Spring Data repository scanning in 74 ms. Found 2 JPA repository interfaces.
2023-12-22T14:06:44.230+05:30  INFO 6800 --- [main] o.s.b.w.embedded.tomcat.TomcatWebServer  : Tomcat initialized with port(s): 8080 (http)
2023-12-22T14:06:44.245+05:30  INFO 6800 --- [main] o.apache.catalina.core.StandardService   : Starting service [Tomcat]
2023-12-22T14:06:44.245+05:30  INFO 6800 --- [main] o.apache.catalina.core.StandardEngine    : Starting Servlet engine: [Apache Tomcat/10.1.16]
2023-12-22T14:06:44.412+05:30  INFO 6800 --- [main] o.a.c.c.C.[Tomcat].[localhost].[/api]    : Initializing Spring embedded WebApplicationContext
2023-12-22T14:06:44.413+05:30  INFO 6800 --- [main] w.s.c.ServletWebServerApplicationContext : Root WebApplicationContext: initialization completed in 1783 ms
2023-12-22T14:06:44.463+05:30  INFO 6800 --- [main] com.zaxxer.hikari.HikariDataSource       : HikariPool-1 - Starting...
2023-12-22T14:06:44.709+05:30  INFO 6800 --- [main] com.zaxxer.hikari.pool.HikariPool        : HikariPool-1 - Added connection conn0: url=jdbc:h2:mem:testdb user=SA
2023-12-22T14:06:44.711+05:30  INFO 6800 --- [main] com.zaxxer.hikari.HikariDataSource       : HikariPool-1 - Start completed.
2023-12-22T14:06:44.727+05:30  INFO 6800 --- [main] o.s.b.a.h2.H2ConsoleAutoConfiguration    : H2 console available at '/h2-console'. Database available at 'jdbc:h2:mem:testdb'
2023-12-22T14:06:44.941+05:30  INFO 6800 --- [main] o.hibernate.jpa.internal.util.LogHelper  : HHH000204: Processing PersistenceUnitInfo [name: default]
2023-12-22T14:06:45.017+05:30  INFO 6800 --- [main] org.hibernate.Version                    : HHH000412: Hibernate ORM core version 6.2.13.Final
2023-12-22T14:06:45.020+05:30  INFO 6800 --- [main] org.hibernate.cfg.Environment            : HHH000406: Using bytecode reflection optimizer
2023-12-22T14:06:45.428+05:30  INFO 6800 --- [main] o.s.o.j.p.SpringPersistenceUnitInfo      : No LoadTimeWeaver setup: ignoring JPA class transformer
2023-12-22T14:06:46.555+05:30  INFO 6800 --- [main] o.h.e.t.j.p.i.JtaPlatformInitiator       : HHH000489: No JTA platform available (set 'hibernate.transaction.jta.platform' to enable JTA platform integration)
2023-12-22T14:06:46.609+05:30  INFO 6800 --- [main] j.LocalContainerEntityManagerFactoryBean : Initialized JPA EntityManagerFactory for persistence unit 'default'
2023-12-22T14:06:47.174+05:30  WARN 6800 --- [main] JpaBaseConfiguration$JpaWebConfiguration : spring.jpa.open-in-view is enabled by default. Therefore, database queries may be performed during view rendering. Explicitly configure spring.jpa.open-in-view to disable this warning
2023-12-22T14:06:47.607+05:30  INFO 6800 --- [main] o.s.b.w.embedded.tomcat.TomcatWebServer  : Tomcat started on port(s): 8080 (http) with context path '/api'
2023-12-22T14:06:47.619+05:30  INFO 6800 --- [main] c.o.o.OrgationisationApplication         : Started OrgationisationApplication in 5.56 seconds (process running for 6.123)
2023-12-22T14:08:54.600+05:30  INFO 6800 --- [http-nio-8080-exec-2] o.a.c.c.C.[Tomcat].[localhost].[/api]    : Initializing Spring DispatcherServlet 'dispatcherServlet'
2023-12-22T14:08:54.601+05:30  INFO 6800 --- [http-nio-8080-exec-2] o.s.web.servlet.DispatcherServlet        : Initializing Servlet 'dispatcherServlet'
2023-12-22T14:08:54.603+05:30  INFO 6800 --- [http-nio-8080-exec-2] o.s.web.servlet.DispatcherServlet        : Completed initialization in 1 ms
2023-12-22T14:30:12.365+05:30  INFO 6800 --- [SpringApplicationShutdownHook] j.LocalContainerEntityManagerFactoryBean : Closing JPA EntityManagerFactory for persistence unit 'default'
2023-12-22T14:30:12.369+05:30  INFO 6800 --- [SpringApplicationShutdownHook] com.zaxxer.hikari.HikariDataSource       : HikariPool-1 - Shutdown initiated...
2023-12-22T14:30:12.372+05:30  INFO 6800 --- [SpringApplicationShutdownHook] com.zaxxer.hikari.HikariDataSource       : HikariPool-1 - Shutdown completed.
2023-12-22T14:43:38.613+05:30  INFO 12796 --- [main] c.o.o.OrgationisationApplication         : Starting OrgationisationApplication using Java 17.0.9 with PID 12796 (C:\Java Project\New folder\orgationisation_new\target\classes started by ADMIN in C:\Java Project\New folder\orgationisation_new)
2023-12-22T14:43:38.615+05:30  INFO 12796 --- [main] c.o.o.OrgationisationApplication         : No active profile set, falling back to 1 default profile: "default"
2023-12-22T14:43:39.444+05:30  INFO 12796 --- [main] .s.d.r.c.RepositoryConfigurationDelegate : Bootstrapping Spring Data JPA repositories in DEFAULT mode.
2023-12-22T14:43:39.551+05:30  INFO 12796 --- [main] .s.d.r.c.RepositoryConfigurationDelegate : Finished Spring Data repository scanning in 92 ms. Found 2 JPA repository interfaces.
2023-12-22T14:43:40.401+05:30  INFO 12796 --- [main] o.s.b.w.embedded.tomcat.TomcatWebServer  : Tomcat initialized with port(s): 8080 (http)
2023-12-22T14:43:40.416+05:30  INFO 12796 --- [main] o.apache.catalina.core.StandardService   : Starting service [Tomcat]
2023-12-22T14:43:40.416+05:30  INFO 12796 --- [main] o.apache.catalina.core.StandardEngine    : Starting Servlet engine: [Apache Tomcat/10.1.16]
2023-12-22T14:43:40.596+05:30  INFO 12796 --- [main] o.a.c.c.C.[Tomcat].[localhost].[/api]    : Initializing Spring embedded WebApplicationContext
2023-12-22T14:43:40.597+05:30  INFO 12796 --- [main] w.s.c.ServletWebServerApplicationContext : Root WebApplicationContext: initialization completed in 1924 ms
2023-12-22T14:43:40.671+05:30  INFO 12796 --- [main] com.zaxxer.hikari.HikariDataSource       : HikariPool-1 - Starting...
2023-12-22T14:43:40.916+05:30  INFO 12796 --- [main] com.zaxxer.hikari.pool.HikariPool        : HikariPool-1 - Added connection conn0: url=jdbc:h2:mem:testdb user=SA
2023-12-22T14:43:40.918+05:30  INFO 12796 --- [main] com.zaxxer.hikari.HikariDataSource       : HikariPool-1 - Start completed.
2023-12-22T14:43:40.928+05:30  INFO 12796 --- [main] o.s.b.a.h2.H2ConsoleAutoConfiguration    : H2 console available at '/h2-console'. Database available at 'jdbc:h2:mem:testdb'
2023-12-22T14:43:41.186+05:30  INFO 12796 --- [main] o.hibernate.jpa.internal.util.LogHelper  : HHH000204: Processing PersistenceUnitInfo [name: default]
2023-12-22T14:43:41.273+05:30  INFO 12796 --- [main] org.hibernate.Version                    : HHH000412: Hibernate ORM core version 6.2.13.Final
2023-12-22T14:43:41.277+05:30  INFO 12796 --- [main] org.hibernate.cfg.Environment            : HHH000406: Using bytecode reflection optimizer
2023-12-22T14:43:41.708+05:30  INFO 12796 --- [main] o.s.o.j.p.SpringPersistenceUnitInfo      : No LoadTimeWeaver setup: ignoring JPA class transformer
2023-12-22T14:43:42.920+05:30  INFO 12796 --- [main] o.h.e.t.j.p.i.JtaPlatformInitiator       : HHH000489: No JTA platform available (set 'hibernate.transaction.jta.platform' to enable JTA platform integration)
2023-12-22T14:43:42.963+05:30  INFO 12796 --- [main] j.LocalContainerEntityManagerFactoryBean : Initialized JPA EntityManagerFactory for persistence unit 'default'
2023-12-22T14:43:43.499+05:30  WARN 12796 --- [main] JpaBaseConfiguration$JpaWebConfiguration : spring.jpa.open-in-view is enabled by default. Therefore, database queries may be performed during view rendering. Explicitly configure spring.jpa.open-in-view to disable this warning
2023-12-22T14:43:43.956+05:30  INFO 12796 --- [main] o.s.b.w.embedded.tomcat.TomcatWebServer  : Tomcat started on port(s): 8080 (http) with context path '/api'
2023-12-22T14:43:43.970+05:30  INFO 12796 --- [main] c.o.o.OrgationisationApplication         : Started OrgationisationApplication in 5.855 seconds (process running for 6.451)
2023-12-22T15:02:20.181+05:30  INFO 12796 --- [http-nio-8080-exec-8] o.a.c.c.C.[Tomcat].[localhost].[/api]    : Initializing Spring DispatcherServlet 'dispatcherServlet'
2023-12-22T15:02:20.182+05:30  INFO 12796 --- [http-nio-8080-exec-8] o.s.web.servlet.DispatcherServlet        : Initializing Servlet 'dispatcherServlet'
2023-12-22T15:02:20.184+05:30  INFO 12796 --- [http-nio-8080-exec-8] o.s.web.servlet.DispatcherServlet        : Completed initialization in 2 ms
2023-12-22T15:02:20.466+05:30 ERROR 12796 --- [http-nio-8080-exec-8] c.o.o.service.EmployeeService            : Error:: 
2023-12-22T15:05:28.270+05:30 ERROR 12796 --- [http-nio-8080-exec-7] c.o.o.service.EmployeeService            : Error:: 
2023-12-22T15:08:10.322+05:30  WARN 12796 --- [HikariPool-1 housekeeper] com.zaxxer.hikari.pool.HikariPool        : HikariPool-1 - Thread starvation or clock leap detected (housekeeper delta=1m28s911ms601µs400ns).
2023-12-22T15:15:18.072+05:30  INFO 12796 --- [SpringApplicationShutdownHook] j.LocalContainerEntityManagerFactoryBean : Closing JPA EntityManagerFactory for persistence unit 'default'
2023-12-22T15:15:18.076+05:30  INFO 12796 --- [SpringApplicationShutdownHook] com.zaxxer.hikari.HikariDataSource       : HikariPool-1 - Shutdown initiated...
2023-12-22T15:15:18.078+05:30  INFO 12796 --- [SpringApplicationShutdownHook] com.zaxxer.hikari.HikariDataSource       : HikariPool-1 - Shutdown completed.
2023-12-22T15:15:26.106+05:30  INFO 19556 --- [main] c.o.o.OrgationisationApplication         : Starting OrgationisationApplication using Java 17.0.9 with PID 19556 (C:\Java Project\New folder\orgationisation_new\target\classes started by ADMIN in C:\Java Project\New folder\orgationisation_new)
2023-12-22T15:15:26.110+05:30  INFO 19556 --- [main] c.o.o.OrgationisationApplication         : No active profile set, falling back to 1 default profile: "default"
2023-12-22T15:15:27.006+05:30  INFO 19556 --- [main] .s.d.r.c.RepositoryConfigurationDelegate : Bootstrapping Spring Data JPA repositories in DEFAULT mode.
2023-12-22T15:15:27.952+05:30  INFO 19556 --- [main] .s.d.r.c.RepositoryConfigurationDelegate : Finished Spring Data repository scanning in 923 ms. Found 2 JPA repository interfaces.
2023-12-22T15:15:53.446+05:30  INFO 19556 --- [main] o.s.b.w.embedded.tomcat.TomcatWebServer  : Tomcat initialized with port(s): 8080 (http)
2023-12-22T15:15:53.790+05:30  INFO 19556 --- [main] o.apache.catalina.core.StandardService   : Starting service [Tomcat]
2023-12-22T15:15:53.797+05:30  INFO 19556 --- [main] o.apache.catalina.core.StandardEngine    : Starting Servlet engine: [Apache Tomcat/10.1.16]
2023-12-22T15:15:58.104+05:30  INFO 19556 --- [main] o.a.c.c.C.[Tomcat].[localhost].[/api]    : Initializing Spring embedded WebApplicationContext
2023-12-22T15:15:58.113+05:30  INFO 19556 --- [main] w.s.c.ServletWebServerApplicationContext : Root WebApplicationContext: initialization completed in 31937 ms
2023-12-22T15:15:58.510+05:30  INFO 19556 --- [main] com.zaxxer.hikari.HikariDataSource       : HikariPool-1 - Starting...
2023-12-22T15:15:58.800+05:30  INFO 19556 --- [main] com.zaxxer.hikari.pool.HikariPool        : HikariPool-1 - Added connection conn0: url=jdbc:h2:mem:testdb user=SA
2023-12-22T15:15:58.803+05:30  INFO 19556 --- [main] com.zaxxer.hikari.HikariDataSource       : HikariPool-1 - Start completed.
2023-12-22T15:15:58.820+05:30  INFO 19556 --- [main] o.s.b.a.h2.H2ConsoleAutoConfiguration    : H2 console available at '/h2-console'. Database available at 'jdbc:h2:mem:testdb'
2023-12-22T15:15:59.072+05:30  INFO 19556 --- [main] o.hibernate.jpa.internal.util.LogHelper  : HHH000204: Processing PersistenceUnitInfo [name: default]
2023-12-22T15:15:59.143+05:30  INFO 19556 --- [main] org.hibernate.Version                    : HHH000412: Hibernate ORM core version 6.2.13.Final
2023-12-22T15:15:59.145+05:30  INFO 19556 --- [main] org.hibernate.cfg.Environment            : HHH000406: Using bytecode reflection optimizer
2023-12-22T15:15:59.568+05:30  INFO 19556 --- [main] o.s.o.j.p.SpringPersistenceUnitInfo      : No LoadTimeWeaver setup: ignoring JPA class transformer
2023-12-22T15:16:00.966+05:30  INFO 19556 --- [main] o.h.e.t.j.p.i.JtaPlatformInitiator       : HHH000489: No JTA platform available (set 'hibernate.transaction.jta.platform' to enable JTA platform integration)
2023-12-22T15:16:01.028+05:30  INFO 19556 --- [main] j.LocalContainerEntityManagerFactoryBean : Initialized JPA EntityManagerFactory for persistence unit 'default'
2023-12-22T15:16:01.600+05:30  WARN 19556 --- [main] JpaBaseConfiguration$JpaWebConfiguration : spring.jpa.open-in-view is enabled by default. Therefore, database queries may be performed during view rendering. Explicitly configure spring.jpa.open-in-view to disable this warning
2023-12-22T15:16:02.072+05:30  INFO 19556 --- [main] o.s.b.w.embedded.tomcat.TomcatWebServer  : Tomcat started on port(s): 8080 (http) with context path '/api'
2023-12-22T15:16:02.085+05:30  INFO 19556 --- [main] c.o.o.OrgationisationApplication         : Started OrgationisationApplication in 36.499 seconds (process running for 37.087)
2023-12-22T15:16:10.305+05:30  INFO 19556 --- [http-nio-8080-exec-2] o.a.c.c.C.[Tomcat].[localhost].[/api]    : Initializing Spring DispatcherServlet 'dispatcherServlet'
2023-12-22T15:16:10.313+05:30  INFO 19556 --- [http-nio-8080-exec-2] o.s.web.servlet.DispatcherServlet        : Initializing Servlet 'dispatcherServlet'
2023-12-22T15:16:10.516+05:30  INFO 19556 --- [http-nio-8080-exec-2] o.s.web.servlet.DispatcherServlet        : Completed initialization in 194 ms
2023-12-22T15:16:13.944+05:30 ERROR 19556 --- [http-nio-8080-exec-2] c.o.o.service.EmployeeService            : Error:: 
2023-12-22T15:17:23.178+05:30  WARN 19556 --- [HikariPool-1 housekeeper] com.zaxxer.hikari.pool.HikariPool        : HikariPool-1 - Thread starvation or clock leap detected (housekeeper delta=54s255ms509µs800ns).
2023-12-22T15:24:23.505+05:30  INFO 19556 --- [SpringApplicationShutdownHook] j.LocalContainerEntityManagerFactoryBean : Closing JPA EntityManagerFactory for persistence unit 'default'
2023-12-22T15:24:23.509+05:30  INFO 19556 --- [SpringApplicationShutdownHook] com.zaxxer.hikari.HikariDataSource       : HikariPool-1 - Shutdown initiated...
2023-12-22T15:24:23.512+05:30  INFO 19556 --- [SpringApplicationShutdownHook] com.zaxxer.hikari.HikariDataSource       : HikariPool-1 - Shutdown completed.
2023-12-22T15:25:00.322+05:30  INFO 6932 --- [main] c.o.o.OrgationisationApplication         : Starting OrgationisationApplication using Java 17.0.9 with PID 6932 (C:\Java Project\New folder\orgationisation_new\target\classes started by ADMIN in C:\Java Project\New folder\orgationisation_new)
2023-12-22T15:25:00.325+05:30  INFO 6932 --- [main] c.o.o.OrgationisationApplication         : No active profile set, falling back to 1 default profile: "default"
2023-12-22T15:25:01.184+05:30  INFO 6932 --- [main] .s.d.r.c.RepositoryConfigurationDelegate : Bootstrapping Spring Data JPA repositories in DEFAULT mode.
2023-12-22T15:25:02.111+05:30  INFO 6932 --- [main] .s.d.r.c.RepositoryConfigurationDelegate : Finished Spring Data repository scanning in 903 ms. Found 2 JPA repository interfaces.
2023-12-22T15:25:27.550+05:30  INFO 6932 --- [main] o.s.b.w.embedded.tomcat.TomcatWebServer  : Tomcat initialized with port(s): 8080 (http)
2023-12-22T15:25:27.836+05:30  INFO 6932 --- [main] o.apache.catalina.core.StandardService   : Starting service [Tomcat]
2023-12-22T15:25:27.843+05:30  INFO 6932 --- [main] o.apache.catalina.core.StandardEngine    : Starting Servlet engine: [Apache Tomcat/10.1.16]
2023-12-22T15:25:29.180+05:30  INFO 6932 --- [main] o.a.c.c.C.[Tomcat].[localhost].[/api]    : Initializing Spring embedded WebApplicationContext
2023-12-22T15:25:29.180+05:30  INFO 6932 --- [main] w.s.c.ServletWebServerApplicationContext : Root WebApplicationContext: initialization completed in 28801 ms
2023-12-22T15:25:29.235+05:30  INFO 6932 --- [main] com.zaxxer.hikari.HikariDataSource       : HikariPool-1 - Starting...
2023-12-22T15:25:29.552+05:30  INFO 6932 --- [main] com.zaxxer.hikari.pool.HikariPool        : HikariPool-1 - Added connection conn0: url=jdbc:h2:mem:testdb user=SA
2023-12-22T15:25:29.554+05:30  INFO 6932 --- [main] com.zaxxer.hikari.HikariDataSource       : HikariPool-1 - Start completed.
2023-12-22T15:25:29.569+05:30  INFO 6932 --- [main] o.s.b.a.h2.H2ConsoleAutoConfiguration    : H2 console available at '/h2-console'. Database available at 'jdbc:h2:mem:testdb'
2023-12-22T15:25:29.843+05:30  INFO 6932 --- [main] o.hibernate.jpa.internal.util.LogHelper  : HHH000204: Processing PersistenceUnitInfo [name: default]
2023-12-22T15:25:29.944+05:30  INFO 6932 --- [main] org.hibernate.Version                    : HHH000412: Hibernate ORM core version 6.2.13.Final
2023-12-22T15:25:29.948+05:30  INFO 6932 --- [main] org.hibernate.cfg.Environment            : HHH000406: Using bytecode reflection optimizer
2023-12-22T15:25:30.434+05:30  INFO 6932 --- [main] o.s.o.j.p.SpringPersistenceUnitInfo      : No LoadTimeWeaver setup: ignoring JPA class transformer
2023-12-22T15:25:31.808+05:30  INFO 6932 --- [main] o.h.e.t.j.p.i.JtaPlatformInitiator       : HHH000489: No JTA platform available (set 'hibernate.transaction.jta.platform' to enable JTA platform integration)
2023-12-22T15:25:31.872+05:30  INFO 6932 --- [main] j.LocalContainerEntityManagerFactoryBean : Initialized JPA EntityManagerFactory for persistence unit 'default'
2023-12-22T15:25:32.471+05:30  WARN 6932 --- [main] JpaBaseConfiguration$JpaWebConfiguration : spring.jpa.open-in-view is enabled by default. Therefore, database queries may be performed during view rendering. Explicitly configure spring.jpa.open-in-view to disable this warning
2023-12-22T15:25:32.972+05:30  INFO 6932 --- [main] o.s.b.w.embedded.tomcat.TomcatWebServer  : Tomcat started on port(s): 8080 (http) with context path '/api'
2023-12-22T15:25:32.986+05:30  INFO 6932 --- [main] c.o.o.OrgationisationApplication         : Started OrgationisationApplication in 33.196 seconds (process running for 33.722)
2023-12-22T15:25:46.000+05:30  INFO 6932 --- [http-nio-8080-exec-2] o.a.c.c.C.[Tomcat].[localhost].[/api]    : Initializing Spring DispatcherServlet 'dispatcherServlet'
2023-12-22T15:25:46.001+05:30  INFO 6932 --- [http-nio-8080-exec-2] o.s.web.servlet.DispatcherServlet        : Initializing Servlet 'dispatcherServlet'
2023-12-22T15:25:46.002+05:30  INFO 6932 --- [http-nio-8080-exec-2] o.s.web.servlet.DispatcherServlet        : Completed initialization in 1 ms
2023-12-22T15:28:31.664+05:30  INFO 6932 --- [SpringApplicationShutdownHook] j.LocalContainerEntityManagerFactoryBean : Closing JPA EntityManagerFactory for persistence unit 'default'
2023-12-22T15:28:31.666+05:30  INFO 6932 --- [SpringApplicationShutdownHook] com.zaxxer.hikari.HikariDataSource       : HikariPool-1 - Shutdown initiated...
2023-12-22T15:28:31.669+05:30  INFO 6932 --- [SpringApplicationShutdownHook] com.zaxxer.hikari.HikariDataSource       : HikariPool-1 - Shutdown completed.
2023-12-22T16:48:34.435+05:30  INFO 18104 --- [main] c.o.o.OrgationisationApplication         : Starting OrgationisationApplication using Java 17.0.9 with PID 18104 (C:\Java Project\New folder\orgationisation_new\target\classes started by ADMIN in C:\Java Project\New folder\orgationisation_new)
2023-12-22T16:48:34.438+05:30  INFO 18104 --- [main] c.o.o.OrgationisationApplication         : No active profile set, falling back to 1 default profile: "default"
2023-12-22T16:48:35.506+05:30  INFO 18104 --- [main] .s.d.r.c.RepositoryConfigurationDelegate : Bootstrapping Spring Data JPA repositories in DEFAULT mode.
2023-12-22T16:48:35.631+05:30  INFO 18104 --- [main] .s.d.r.c.RepositoryConfigurationDelegate : Finished Spring Data repository scanning in 110 ms. Found 2 JPA repository interfaces.
2023-12-22T16:48:36.555+05:30  INFO 18104 --- [main] o.s.b.w.embedded.tomcat.TomcatWebServer  : Tomcat initialized with port(s): 8080 (http)
2023-12-22T16:48:36.577+05:30  INFO 18104 --- [main] o.apache.catalina.core.StandardService   : Starting service [Tomcat]
2023-12-22T16:48:36.578+05:30  INFO 18104 --- [main] o.apache.catalina.core.StandardEngine    : Starting Servlet engine: [Apache Tomcat/10.1.16]
2023-12-22T16:48:36.825+05:30  INFO 18104 --- [main] o.a.c.c.C.[Tomcat].[localhost].[/api]    : Initializing Spring embedded WebApplicationContext
2023-12-22T16:48:36.827+05:30  INFO 18104 --- [main] w.s.c.ServletWebServerApplicationContext : Root WebApplicationContext: initialization completed in 2308 ms
2023-12-22T16:48:36.890+05:30  INFO 18104 --- [main] com.zaxxer.hikari.HikariDataSource       : HikariPool-1 - Starting...
2023-12-22T16:48:37.202+05:30  INFO 18104 --- [main] com.zaxxer.hikari.pool.HikariPool        : HikariPool-1 - Added connection conn0: url=jdbc:h2:mem:testdb user=SA
2023-12-22T16:48:37.206+05:30  INFO 18104 --- [main] com.zaxxer.hikari.HikariDataSource       : HikariPool-1 - Start completed.
2023-12-22T16:48:37.223+05:30  INFO 18104 --- [main] o.s.b.a.h2.H2ConsoleAutoConfiguration    : H2 console available at '/h2-console'. Database available at 'jdbc:h2:mem:testdb'
2023-12-22T16:48:37.550+05:30  INFO 18104 --- [main] o.hibernate.jpa.internal.util.LogHelper  : HHH000204: Processing PersistenceUnitInfo [name: default]
2023-12-22T16:48:37.659+05:30  INFO 18104 --- [main] org.hibernate.Version                    : HHH000412: Hibernate ORM core version 6.2.13.Final
2023-12-22T16:48:37.664+05:30  INFO 18104 --- [main] org.hibernate.cfg.Environment            : HHH000406: Using bytecode reflection optimizer
2023-12-22T16:48:38.270+05:30  INFO 18104 --- [main] o.s.o.j.p.SpringPersistenceUnitInfo      : No LoadTimeWeaver setup: ignoring JPA class transformer
2023-12-22T16:48:39.761+05:30  INFO 18104 --- [main] o.h.e.t.j.p.i.JtaPlatformInitiator       : HHH000489: No JTA platform available (set 'hibernate.transaction.jta.platform' to enable JTA platform integration)
2023-12-22T16:48:39.807+05:30  INFO 18104 --- [main] j.LocalContainerEntityManagerFactoryBean : Initialized JPA EntityManagerFactory for persistence unit 'default'
2023-12-22T16:48:40.539+05:30  WARN 18104 --- [main] JpaBaseConfiguration$JpaWebConfiguration : spring.jpa.open-in-view is enabled by default. Therefore, database queries may be performed during view rendering. Explicitly configure spring.jpa.open-in-view to disable this warning
2023-12-22T16:48:41.296+05:30  INFO 18104 --- [main] o.s.b.w.embedded.tomcat.TomcatWebServer  : Tomcat started on port(s): 8080 (http) with context path '/api'
2023-12-22T16:48:41.334+05:30  INFO 18104 --- [main] c.o.o.OrgationisationApplication         : Started OrgationisationApplication in 7.527 seconds (process running for 9.042)
2023-12-22T16:48:55.257+05:30  INFO 18104 --- [http-nio-8080-exec-3] o.a.c.c.C.[Tomcat].[localhost].[/api]    : Initializing Spring DispatcherServlet 'dispatcherServlet'
2023-12-22T16:48:55.267+05:30  INFO 18104 --- [http-nio-8080-exec-3] o.s.web.servlet.DispatcherServlet        : Initializing Servlet 'dispatcherServlet'
2023-12-22T16:48:55.267+05:30  INFO 18104 --- [http-nio-8080-exec-3] o.s.web.servlet.DispatcherServlet        : Completed initialization in 0 ms
2023-12-22T16:48:57.491+05:30  INFO 18104 --- [http-nio-8080-exec-3] c.o.o.controller.EmployeeController      : fetching all employees
2023-12-22T16:48:58.007+05:30  INFO 18104 --- [http-nio-8080-exec-3] c.o.o.service.EmployeeService            : get employee list
2023-12-22T16:49:13.464+05:30 ERROR 18104 --- [http-nio-8080-exec-7] c.o.o.service.EmployeeService            : Error:: 
2023-12-22T16:49:24.057+05:30 ERROR 18104 --- [http-nio-8080-exec-8] c.o.o.service.EmployeeService            : Error:: 
2023-12-22T16:49:56.740+05:30 ERROR 18104 --- [http-nio-8080-exec-5] c.o.o.service.EmployeeService            : Error:: 
2023-12-22T16:51:21.308+05:30  WARN 18104 --- [HikariPool-1 housekeeper] com.zaxxer.hikari.pool.HikariPool        : HikariPool-1 - Thread starvation or clock leap detected (housekeeper delta=1m43s964ms412µs100ns).
2023-12-22T16:52:09.532+05:30  INFO 18104 --- [http-nio-8080-exec-6] c.o.o.controller.EmployeeController      : fetching all employees
2023-12-22T16:52:10.007+05:30  INFO 18104 --- [http-nio-8080-exec-6] c.o.o.service.EmployeeService            : get employee list
2023-12-22T16:56:20.718+05:30  INFO 20012 --- [main] c.o.o.OrgationisationApplication         : Starting OrgationisationApplication using Java 17.0.9 with PID 20012 (C:\Java Project\New folder\orgationisation_new\target\classes started by ADMIN in C:\Java Project\New folder\orgationisation_new)
2023-12-22T16:56:20.722+05:30  INFO 20012 --- [main] c.o.o.OrgationisationApplication         : No active profile set, falling back to 1 default profile: "default"
2023-12-22T16:56:21.737+05:30  INFO 20012 --- [main] .s.d.r.c.RepositoryConfigurationDelegate : Bootstrapping Spring Data JPA repositories in DEFAULT mode.
2023-12-22T16:56:21.858+05:30  INFO 20012 --- [main] .s.d.r.c.RepositoryConfigurationDelegate : Finished Spring Data repository scanning in 103 ms. Found 2 JPA repository interfaces.
2023-12-22T16:56:22.888+05:30  INFO 20012 --- [main] o.s.b.w.embedded.tomcat.TomcatWebServer  : Tomcat initialized with port(s): 8080 (http)
2023-12-22T16:56:22.906+05:30  INFO 20012 --- [main] o.apache.catalina.core.StandardService   : Starting service [Tomcat]
2023-12-22T16:56:22.906+05:30  INFO 20012 --- [main] o.apache.catalina.core.StandardEngine    : Starting Servlet engine: [Apache Tomcat/10.1.16]
2023-12-22T16:56:23.109+05:30  INFO 20012 --- [main] o.a.c.c.C.[Tomcat].[localhost].[/api]    : Initializing Spring embedded WebApplicationContext
2023-12-22T16:56:23.110+05:30  INFO 20012 --- [main] w.s.c.ServletWebServerApplicationContext : Root WebApplicationContext: initialization completed in 2314 ms
2023-12-22T16:56:23.181+05:30  INFO 20012 --- [main] com.zaxxer.hikari.HikariDataSource       : HikariPool-1 - Starting...
2023-12-22T16:56:23.500+05:30  INFO 20012 --- [main] com.zaxxer.hikari.pool.HikariPool        : HikariPool-1 - Added connection conn0: url=jdbc:h2:mem:testdb user=SA
2023-12-22T16:56:23.503+05:30  INFO 20012 --- [main] com.zaxxer.hikari.HikariDataSource       : HikariPool-1 - Start completed.
2023-12-22T16:56:23.515+05:30  INFO 20012 --- [main] o.s.b.a.h2.H2ConsoleAutoConfiguration    : H2 console available at '/h2-console'. Database available at 'jdbc:h2:mem:testdb'
2023-12-22T16:56:23.817+05:30  INFO 20012 --- [main] o.hibernate.jpa.internal.util.LogHelper  : HHH000204: Processing PersistenceUnitInfo [name: default]
2023-12-22T16:56:23.921+05:30  INFO 20012 --- [main] org.hibernate.Version                    : HHH000412: Hibernate ORM core version 6.2.13.Final
2023-12-22T16:56:23.926+05:30  INFO 20012 --- [main] org.hibernate.cfg.Environment            : HHH000406: Using bytecode reflection optimizer
2023-12-22T16:56:24.486+05:30  INFO 20012 --- [main] o.s.o.j.p.SpringPersistenceUnitInfo      : No LoadTimeWeaver setup: ignoring JPA class transformer
2023-12-22T16:56:25.993+05:30  INFO 20012 --- [main] o.h.e.t.j.p.i.JtaPlatformInitiator       : HHH000489: No JTA platform available (set 'hibernate.transaction.jta.platform' to enable JTA platform integration)
2023-12-22T16:56:26.041+05:30  INFO 20012 --- [main] j.LocalContainerEntityManagerFactoryBean : Initialized JPA EntityManagerFactory for persistence unit 'default'
2023-12-22T16:56:26.696+05:30  WARN 20012 --- [main] JpaBaseConfiguration$JpaWebConfiguration : spring.jpa.open-in-view is enabled by default. Therefore, database queries may be performed during view rendering. Explicitly configure spring.jpa.open-in-view to disable this warning
2023-12-22T16:56:27.218+05:30  INFO 20012 --- [main] o.s.b.w.embedded.tomcat.TomcatWebServer  : Tomcat started on port(s): 8080 (http) with context path '/api'
2023-12-22T16:56:27.232+05:30  INFO 20012 --- [main] c.o.o.OrgationisationApplication         : Started OrgationisationApplication in 7.212 seconds (process running for 8.098)
2023-12-22T16:56:33.368+05:30  INFO 20012 --- [http-nio-8080-exec-2] o.a.c.c.C.[Tomcat].[localhost].[/api]    : Initializing Spring DispatcherServlet 'dispatcherServlet'
2023-12-22T16:56:33.368+05:30  INFO 20012 --- [http-nio-8080-exec-2] o.s.web.servlet.DispatcherServlet        : Initializing Servlet 'dispatcherServlet'
2023-12-22T16:56:33.370+05:30  INFO 20012 --- [http-nio-8080-exec-2] o.s.web.servlet.DispatcherServlet        : Completed initialization in 2 ms
2023-12-22T16:56:36.745+05:30  INFO 20012 --- [http-nio-8080-exec-2] c.o.o.controller.EmployeeController      : fetching all employees
2023-12-22T16:56:37.201+05:30  INFO 20012 --- [http-nio-8080-exec-2] c.o.o.service.EmployeeService            : get employee list
2023-12-22T16:57:08.564+05:30  INFO 20012 --- [http-nio-8080-exec-9] c.o.o.controller.EmployeeController      : fetching all employees
2023-12-22T16:57:08.564+05:30  INFO 20012 --- [http-nio-8080-exec-9] c.o.o.service.EmployeeService            : get employee list
2023-12-22T16:59:11.877+05:30  INFO 20012 --- [SpringApplicationShutdownHook] j.LocalContainerEntityManagerFactoryBean : Closing JPA EntityManagerFactory for persistence unit 'default'
2023-12-22T16:59:11.881+05:30  INFO 20012 --- [SpringApplicationShutdownHook] com.zaxxer.hikari.HikariDataSource       : HikariPool-1 - Shutdown initiated...
2023-12-22T16:59:11.882+05:30  INFO 20012 --- [SpringApplicationShutdownHook] com.zaxxer.hikari.HikariDataSource       : HikariPool-1 - Shutdown completed.
2023-12-22T16:59:18.898+05:30  INFO 8100 --- [main] c.o.o.OrgationisationApplication         : Starting OrgationisationApplication using Java 17.0.9 with PID 8100 (C:\Java Project\New folder\orgationisation_new\target\classes started by ADMIN in C:\Java Project\New folder\orgationisation_new)
2023-12-22T16:59:18.903+05:30  INFO 8100 --- [main] c.o.o.OrgationisationApplication         : No active profile set, falling back to 1 default profile: "default"
2023-12-22T16:59:19.890+05:30  INFO 8100 --- [main] .s.d.r.c.RepositoryConfigurationDelegate : Bootstrapping Spring Data JPA repositories in DEFAULT mode.
2023-12-22T16:59:20.003+05:30  INFO 8100 --- [main] .s.d.r.c.RepositoryConfigurationDelegate : Finished Spring Data repository scanning in 96 ms. Found 2 JPA repository interfaces.
2023-12-22T16:59:20.928+05:30  INFO 8100 --- [main] o.s.b.w.embedded.tomcat.TomcatWebServer  : Tomcat initialized with port(s): 8080 (http)
2023-12-22T16:59:20.946+05:30  INFO 8100 --- [main] o.apache.catalina.core.StandardService   : Starting service [Tomcat]
2023-12-22T16:59:20.946+05:30  INFO 8100 --- [main] o.apache.catalina.core.StandardEngine    : Starting Servlet engine: [Apache Tomcat/10.1.16]
2023-12-22T16:59:21.132+05:30  INFO 8100 --- [main] o.a.c.c.C.[Tomcat].[localhost].[/api]    : Initializing Spring embedded WebApplicationContext
2023-12-22T16:59:21.134+05:30  INFO 8100 --- [main] w.s.c.ServletWebServerApplicationContext : Root WebApplicationContext: initialization completed in 2166 ms
2023-12-22T16:59:21.201+05:30  INFO 8100 --- [main] com.zaxxer.hikari.HikariDataSource       : HikariPool-1 - Starting...
2023-12-22T16:59:21.473+05:30  INFO 8100 --- [main] com.zaxxer.hikari.pool.HikariPool        : HikariPool-1 - Added connection conn0: url=jdbc:h2:mem:testdb user=SA
2023-12-22T16:59:21.476+05:30  INFO 8100 --- [main] com.zaxxer.hikari.HikariDataSource       : HikariPool-1 - Start completed.
2023-12-22T16:59:21.488+05:30  INFO 8100 --- [main] o.s.b.a.h2.H2ConsoleAutoConfiguration    : H2 console available at '/h2-console'. Database available at 'jdbc:h2:mem:testdb'
2023-12-22T16:59:21.774+05:30  INFO 8100 --- [main] o.hibernate.jpa.internal.util.LogHelper  : HHH000204: Processing PersistenceUnitInfo [name: default]
2023-12-22T16:59:21.856+05:30  INFO 8100 --- [main] org.hibernate.Version                    : HHH000412: Hibernate ORM core version 6.2.13.Final
2023-12-22T16:59:21.859+05:30  INFO 8100 --- [main] org.hibernate.cfg.Environment            : HHH000406: Using bytecode reflection optimizer
2023-12-22T16:59:22.334+05:30  INFO 8100 --- [main] o.s.o.j.p.SpringPersistenceUnitInfo      : No LoadTimeWeaver setup: ignoring JPA class transformer
2023-12-22T16:59:22.671+05:30 ERROR 8100 --- [main] j.LocalContainerEntityManagerFactoryBean : Failed to initialize JPA EntityManagerFactory: Association 'com.organisation.orgationisation.entity.Employee.modules' is 'mappedBy' another entity and may not specify the '@JoinTable'
2023-12-22T16:59:22.672+05:30  WARN 8100 --- [main] ConfigServletWebServerApplicationContext : Exception encountered during context initialization - cancelling refresh attempt: org.springframework.beans.factory.BeanCreationException: Error creating bean with name 'entityManagerFactory' defined in class path resource [org/springframework/boot/autoconfigure/orm/jpa/HibernateJpaConfiguration.class]: Association 'com.organisation.orgationisation.entity.Employee.modules' is 'mappedBy' another entity and may not specify the '@JoinTable'
2023-12-22T16:59:22.672+05:30  INFO 8100 --- [main] com.zaxxer.hikari.HikariDataSource       : HikariPool-1 - Shutdown initiated...
2023-12-22T16:59:22.675+05:30  INFO 8100 --- [main] com.zaxxer.hikari.HikariDataSource       : HikariPool-1 - Shutdown completed.
2023-12-22T16:59:22.679+05:30  INFO 8100 --- [main] o.apache.catalina.core.StandardService   : Stopping service [Tomcat]
2023-12-22T16:59:22.694+05:30  INFO 8100 --- [main] .s.b.a.l.ConditionEvaluationReportLogger : 

Error starting ApplicationContext. To display the condition evaluation report re-run your application with 'debug' enabled.
2023-12-22T16:59:22.737+05:30 ERROR 8100 --- [main] o.s.boot.SpringApplication               : Application run failed

org.springframework.beans.factory.BeanCreationException: Error creating bean with name 'entityManagerFactory' defined in class path resource [org/springframework/boot/autoconfigure/orm/jpa/HibernateJpaConfiguration.class]: Association 'com.organisation.orgationisation.entity.Employee.modules' is 'mappedBy' another entity and may not specify the '@JoinTable'
	at org.springframework.beans.factory.support.AbstractAutowireCapableBeanFactory.initializeBean(AbstractAutowireCapableBeanFactory.java:1770) ~[spring-beans-6.0.14.jar:6.0.14]
	at org.springframework.beans.factory.support.AbstractAutowireCapableBeanFactory.doCreateBean(AbstractAutowireCapableBeanFactory.java:598) ~[spring-beans-6.0.14.jar:6.0.14]
	at org.springframework.beans.factory.support.AbstractAutowireCapableBeanFactory.createBean(AbstractAutowireCapableBeanFactory.java:520) ~[spring-beans-6.0.14.jar:6.0.14]
	at org.springframework.beans.factory.support.AbstractBeanFactory.lambda$doGetBean$0(AbstractBeanFactory.java:325) ~[spring-beans-6.0.14.jar:6.0.14]
	at org.springframework.beans.factory.support.DefaultSingletonBeanRegistry.getSingleton(DefaultSingletonBeanRegistry.java:234) ~[spring-beans-6.0.14.jar:6.0.14]
	at org.springframework.beans.factory.support.AbstractBeanFactory.doGetBean(AbstractBeanFactory.java:323) ~[spring-beans-6.0.14.jar:6.0.14]
	at org.springframework.beans.factory.support.AbstractBeanFactory.getBean(AbstractBeanFactory.java:199) ~[spring-beans-6.0.14.jar:6.0.14]
	at org.springframework.context.support.AbstractApplicationContext.getBean(AbstractApplicationContext.java:1166) ~[spring-context-6.0.14.jar:6.0.14]
	at org.springframework.context.support.AbstractApplicationContext.finishBeanFactoryInitialization(AbstractApplicationContext.java:940) ~[spring-context-6.0.14.jar:6.0.14]
	at org.springframework.context.support.AbstractApplicationContext.refresh(AbstractApplicationContext.java:616) ~[spring-context-6.0.14.jar:6.0.14]
	at org.springframework.boot.web.servlet.context.ServletWebServerApplicationContext.refresh(ServletWebServerApplicationContext.java:146) ~[spring-boot-3.1.6.jar:3.1.6]
	at org.springframework.boot.SpringApplication.refresh(SpringApplication.java:738) ~[spring-boot-3.1.6.jar:3.1.6]
	at org.springframework.boot.SpringApplication.refreshContext(SpringApplication.java:440) ~[spring-boot-3.1.6.jar:3.1.6]
	at org.springframework.boot.SpringApplication.run(SpringApplication.java:316) ~[spring-boot-3.1.6.jar:3.1.6]
	at org.springframework.boot.SpringApplication.run(SpringApplication.java:1306) ~[spring-boot-3.1.6.jar:3.1.6]
	at org.springframework.boot.SpringApplication.run(SpringApplication.java:1295) ~[spring-boot-3.1.6.jar:3.1.6]
	at com.organisation.orgationisation.OrgationisationApplication.main(OrgationisationApplication.java:10) ~[classes/:na]
Caused by: org.hibernate.AnnotationException: Association 'com.organisation.orgationisation.entity.Employee.modules' is 'mappedBy' another entity and may not specify the '@JoinTable'
	at org.hibernate.boot.model.internal.CollectionBinder.detectMappedByProblem(CollectionBinder.java:1246) ~[hibernate-core-6.2.13.Final.jar:6.2.13.Final]
	at org.hibernate.boot.model.internal.CollectionBinder.bind(CollectionBinder.java:1154) ~[hibernate-core-6.2.13.Final.jar:6.2.13.Final]
	at org.hibernate.boot.model.internal.CollectionBinder.bindCollection(CollectionBinder.java:353) ~[hibernate-core-6.2.13.Final.jar:6.2.13.Final]
	at org.hibernate.boot.model.internal.PropertyBinder.bindProperty(PropertyBinder.java:873) ~[hibernate-core-6.2.13.Final.jar:6.2.13.Final]
	at org.hibernate.boot.model.internal.PropertyBinder.buildProperty(PropertyBinder.java:787) ~[hibernate-core-6.2.13.Final.jar:6.2.13.Final]
	at org.hibernate.boot.model.internal.PropertyBinder.processElementAnnotations(PropertyBinder.java:708) ~[hibernate-core-6.2.13.Final.jar:6.2.13.Final]
	at org.hibernate.boot.model.internal.EntityBinder.processIdPropertiesIfNotAlready(EntityBinder.java:967) ~[hibernate-core-6.2.13.Final.jar:6.2.13.Final]
	at org.hibernate.boot.model.internal.EntityBinder.handleIdentifier(EntityBinder.java:302) ~[hibernate-core-6.2.13.Final.jar:6.2.13.Final]
	at org.hibernate.boot.model.internal.EntityBinder.bindEntityClass(EntityBinder.java:228) ~[hibernate-core-6.2.13.Final.jar:6.2.13.Final]
	at org.hibernate.boot.model.internal.AnnotationBinder.bindClass(AnnotationBinder.java:417) ~[hibernate-core-6.2.13.Final.jar:6.2.13.Final]
	at org.hibernate.boot.model.source.internal.annotations.AnnotationMetadataSourceProcessorImpl.processEntityHierarchies(AnnotationMetadataSourceProcessorImpl.java:255) ~[hibernate-core-6.2.13.Final.jar:6.2.13.Final]
	at org.hibernate.boot.model.process.spi.MetadataBuildingProcess$1.processEntityHierarchies(MetadataBuildingProcess.java:278) ~[hibernate-core-6.2.13.Final.jar:6.2.13.Final]
	at org.hibernate.boot.model.process.spi.MetadataBuildingProcess.complete(MetadataBuildingProcess.java:321) ~[hibernate-core-6.2.13.Final.jar:6.2.13.Final]
	at org.hibernate.jpa.boot.internal.EntityManagerFactoryBuilderImpl.metadata(EntityManagerFactoryBuilderImpl.java:1383) ~[hibernate-core-6.2.13.Final.jar:6.2.13.Final]
	at org.hibernate.jpa.boot.internal.EntityManagerFactoryBuilderImpl.build(EntityManagerFactoryBuilderImpl.java:1454) ~[hibernate-core-6.2.13.Final.jar:6.2.13.Final]
	at org.springframework.orm.jpa.vendor.SpringHibernateJpaPersistenceProvider.createContainerEntityManagerFactory(SpringHibernateJpaPersistenceProvider.java:75) ~[spring-orm-6.0.14.jar:6.0.14]
	at org.springframework.orm.jpa.LocalContainerEntityManagerFactoryBean.createNativeEntityManagerFactory(LocalContainerEntityManagerFactoryBean.java:376) ~[spring-orm-6.0.14.jar:6.0.14]
	at org.springframework.orm.jpa.AbstractEntityManagerFactoryBean.buildNativeEntityManagerFactory(AbstractEntityManagerFactoryBean.java:409) ~[spring-orm-6.0.14.jar:6.0.14]
	at org.springframework.orm.jpa.AbstractEntityManagerFactoryBean.afterPropertiesSet(AbstractEntityManagerFactoryBean.java:396) ~[spring-orm-6.0.14.jar:6.0.14]
	at org.springframework.orm.jpa.LocalContainerEntityManagerFactoryBean.afterPropertiesSet(LocalContainerEntityManagerFactoryBean.java:352) ~[spring-orm-6.0.14.jar:6.0.14]
	at org.springframework.beans.factory.support.AbstractAutowireCapableBeanFactory.invokeInitMethods(AbstractAutowireCapableBeanFactory.java:1817) ~[spring-beans-6.0.14.jar:6.0.14]
	at org.springframework.beans.factory.support.AbstractAutowireCapableBeanFactory.initializeBean(AbstractAutowireCapableBeanFactory.java:1766) ~[spring-beans-6.0.14.jar:6.0.14]
	... 16 common frames omitted

